<?xml version="1.0" encoding="UTF-8"?>
<testsuite xmlns:xsi="http://www.w3.org/2001/XMLSchema-instance" xsi:noNamespaceSchemaLocation="https://maven.apache.org/surefire/maven-surefire-plugin/xsd/surefire-test-report-3.0.xsd" version="3.0" name="com.example.TaskManager.Repository.UserRepositoryTest" time="0.109" tests="6" errors="0" skipped="0" failures="0">
  <properties>
[...]
</properties>
  <testcase name="userRepository_getById_ReturnUser" classname="com.example.TaskManager.Repository.UserRepositoryTest" time="0.01">
    <system-out><![CDATA[2024-03-05T21:24:27.925-03:00  INFO 25032 --- [           main] t.c.s.AnnotationConfigContextLoaderUtils : Could not detect default configuration classes for test class [com.example.TaskManager.Repository.UserRepositoryTest]: UserRepositoryTest does not declare any static, non-private, non-final, nested classes annotated with @Configuration.
2024-03-05T21:24:27.940-03:00  INFO 25032 --- [           main] .b.t.c.SpringBootTestContextBootstrapper : Found @SpringBootConfiguration com.example.TaskManager.TaskManagerApplication for test class com.example.TaskManager.Repository.UserRepositoryTest
Hibernate: insert into db_user (firstname,lastname,password,role,username) values (?,?,?,?,?)
]]></system-out>
  </testcase>
  <testcase name="userRepository_findByUsername_returnUser" classname="com.example.TaskManager.Repository.UserRepositoryTest" time="0.018">
    <system-out><![CDATA[Hibernate: insert into db_user (firstname,lastname,password,role,username) values (?,?,?,?,?)
Hibernate: select u1_0.user_id,u1_0.firstname,u1_0.lastname,u1_0.password,u1_0.role,u1_0.username from db_user u1_0 where u1_0.username=?
Hibernate: select u1_0.user_id,u1_0.firstname,u1_0.lastname,u1_0.password,u1_0.role,u1_0.username from db_user u1_0
]]></system-out>
  </testcase>
  <testcase name="userRepository_save_returnSavedUser" classname="com.example.TaskManager.Repository.UserRepositoryTest" time="0.008">
    <system-out><![CDATA[Hibernate: insert into db_user (firstname,lastname,password,role,username) values (?,?,?,?,?)
]]></system-out>
  </testcase>
  <testcase name="userRepository_updateTask_returnUser" classname="com.example.TaskManager.Repository.UserRepositoryTest" time="0.017">
    <system-out><![CDATA[Hibernate: insert into db_user (firstname,lastname,password,role,username) values (?,?,?,?,?)
Hibernate: update db_user set firstname=?,lastname=?,password=?,role=?,username=? where user_id=?
Hibernate: select u1_0.user_id,u1_0.firstname,u1_0.lastname,u1_0.password,u1_0.role,u1_0.username from db_user u1_0
]]></system-out>
  </testcase>
  <testcase name="userRepository_deleteById_returnNull" classname="com.example.TaskManager.Repository.UserRepositoryTest" time="0.017">
    <system-out><![CDATA[Hibernate: insert into db_user (firstname,lastname,password,role,username) values (?,?,?,?,?)
Hibernate: delete from db_user where user_id=?
Hibernate: select u1_0.user_id,u1_0.firstname,u1_0.lastname,u1_0.password,u1_0.role,u1_0.username from db_user u1_0
]]></system-out>
  </testcase>
  <testcase name="userRepository_getAll_returnGreaterThanZero" classname="com.example.TaskManager.Repository.UserRepositoryTest" time="0.012">
    <system-out><![CDATA[Hibernate: insert into db_user (firstname,lastname,password,role,username) values (?,?,?,?,?)
Hibernate: select u1_0.user_id,u1_0.firstname,u1_0.lastname,u1_0.password,u1_0.role,u1_0.username from db_user u1_0
]]></system-out>
  </testcase>
</testsuite>