<?xml version="1.0" encoding="UTF-8"?>
<testsuite xmlns:xsi="http://www.w3.org/2001/XMLSchema-instance" xsi:noNamespaceSchemaLocation="https://maven.apache.org/surefire/maven-surefire-plugin/xsd/surefire-test-report-3.0.xsd" version="3.0" name="com.example.TaskManager.Repository.TaskRepositoryTest" time="0.936" tests="7" errors="0" skipped="0" failures="0">
  <properties>
[...]
</properties>
  <testcase name="taskRepository_deleteById_returnNull" classname="com.example.TaskManager.Repository.TaskRepositoryTest" time="0.253">
    <system-out><![CDATA[2024-10-08T11:26:15.694-03:00  INFO 12760 --- [           main] t.c.s.AnnotationConfigContextLoaderUtils : Could not detect default configuration classes for test class [com.example.TaskManager.Repository.TaskRepositoryTest]: TaskRepositoryTest does not declare any static, non-private, non-final, nested classes annotated with @Configuration.
2024-10-08T11:26:15.741-03:00  INFO 12760 --- [           main] .b.t.c.SpringBootTestContextBootstrapper : Found @SpringBootConfiguration com.example.TaskManager.TaskManagerApplication for test class com.example.TaskManager.Repository.TaskRepositoryTest
2024-10-08T11:26:15.745-03:00  INFO 12760 --- [           main] o.s.b.d.r.RestartApplicationListener     : Restart disabled due to context in which it is running

  .   ____          _            __ _ _
 /\\ / ___'_ __ _ _(_)_ __  __ _ \ \ \ \
( ( )\___ | '_ | '_| | '_ \/ _` | \ \ \ \
 \\/  ___)| |_)| | | | | || (_| |  ) ) ) )
  '  |____| .__|_| |_|_| |_\__, | / / / /
 =========|_|==============|___/=/_/_/_/
 :: Spring Boot ::                (v3.2.1)

2024-10-08T11:26:15.794-03:00  INFO 12760 --- [           main] c.e.T.Repository.TaskRepositoryTest      : Starting TaskRepositoryTest using Java 21.0.3 with PID 12760 (started by alejo in C:\Alejo\Programacion\TaskManager\Backend)
2024-10-08T11:26:15.795-03:00  INFO 12760 --- [           main] c.e.T.Repository.TaskRepositoryTest      : No active profile set, falling back to 1 default profile: "default"
2024-10-08T11:26:15.949-03:00  INFO 12760 --- [           main] .s.d.r.c.RepositoryConfigurationDelegate : Bootstrapping Spring Data JPA repositories in DEFAULT mode.
2024-10-08T11:26:15.972-03:00  INFO 12760 --- [           main] .s.d.r.c.RepositoryConfigurationDelegate : Finished Spring Data repository scanning in 21 ms. Found 2 JPA repository interfaces.
2024-10-08T11:26:15.989-03:00  INFO 12760 --- [           main] beddedDataSourceBeanFactoryPostProcessor : Replacing 'dataSource' DataSource bean with embedded version
2024-10-08T11:26:16.003-03:00  INFO 12760 --- [           main] o.s.j.d.e.EmbeddedDatabaseFactory        : Starting embedded database: url='jdbc:h2:mem:276cc766-9988-4623-87be-85e9c2495545;DB_CLOSE_DELAY=-1;DB_CLOSE_ON_EXIT=false', username='sa'
2024-10-08T11:26:16.022-03:00  INFO 12760 --- [           main] o.hibernate.jpa.internal.util.LogHelper  : HHH000204: Processing PersistenceUnitInfo [name: default]
2024-10-08T11:26:16.024-03:00  INFO 12760 --- [           main] o.h.c.internal.RegionFactoryInitiator    : HHH000026: Second-level cache disabled
2024-10-08T11:26:16.029-03:00  INFO 12760 --- [           main] o.s.o.j.p.SpringPersistenceUnitInfo      : No LoadTimeWeaver setup: ignoring JPA class transformer
2024-10-08T11:26:16.030-03:00  WARN 12760 --- [           main] org.hibernate.dialect.Dialect            : HHH000511: The 2.2.0 version for [org.hibernate.dialect.PostgreSQLDialect] is no longer supported, hence certain features may not work properly. The minimum supported version is 12.0.0. Check the community dialects project for available legacy versions.
2024-10-08T11:26:16.030-03:00  WARN 12760 --- [           main] org.hibernate.orm.deprecation            : HHH90000025: PostgreSQLDialect does not need to be specified explicitly using 'hibernate.dialect' (remove the property setting and it will be selected by default)
2024-10-08T11:26:16.089-03:00  INFO 12760 --- [           main] o.h.e.t.j.p.i.JtaPlatformInitiator       : HHH000489: No JTA platform available (set 'hibernate.transaction.jta.platform' to enable JTA platform integration)
Hibernate: create table db_user (user_id bigserial not null, firstname varchar(15) not null, lastname varchar(15) not null, password varchar(255) not null, role varchar(255) check (role in ('ADMIN','USER')), username varchar(50) not null, primary key (user_id))
Hibernate: create table task (task_id bigserial not null, date timestamp(6) not null, description varchar(250) not null, finished boolean, important boolean, title varchar(50) not null, user_id bigint, primary key (task_id))
Hibernate: alter table if exists db_user drop constraint if exists UK_2yo5sed605l75swa973ub4kra
Hibernate: alter table if exists db_user add constraint UK_2yo5sed605l75swa973ub4kra unique (username)
Hibernate: alter table if exists task add constraint FK1ojjewilsasqfbhegfpnfi9sr foreign key (user_id) references db_user
2024-10-08T11:26:16.094-03:00  INFO 12760 --- [           main] j.LocalContainerEntityManagerFactoryBean : Initialized JPA EntityManagerFactory for persistence unit 'default'
2024-10-08T11:26:16.236-03:00  INFO 12760 --- [           main] c.e.T.Repository.TaskRepositoryTest      : Started TaskRepositoryTest in 0.489 seconds (process running for 7.168)
Hibernate: select t1_0.task_id,t1_0.date,t1_0.description,t1_0.finished,t1_0.important,t1_0.title,t1_0.user_id from task t1_0
Hibernate: select u1_0.user_id,u1_0.firstname,u1_0.lastname,u1_0.password,u1_0.role,u1_0.username from db_user u1_0
Hibernate: insert into task (date,description,finished,important,title,user_id) values (?,?,?,?,?,?)
Hibernate: delete from task where task_id=?
Hibernate: select t1_0.task_id,t1_0.date,t1_0.description,t1_0.finished,t1_0.important,t1_0.title,t1_0.user_id from task t1_0
]]></system-out>
  </testcase>
  <testcase name="taskRepository_getById_ReturnTask" classname="com.example.TaskManager.Repository.TaskRepositoryTest" time="0.008">
    <system-out><![CDATA[Hibernate: select t1_0.task_id,t1_0.date,t1_0.description,t1_0.finished,t1_0.important,t1_0.title,t1_0.user_id from task t1_0
Hibernate: select u1_0.user_id,u1_0.firstname,u1_0.lastname,u1_0.password,u1_0.role,u1_0.username from db_user u1_0
Hibernate: insert into task (date,description,finished,important,title,user_id) values (?,?,?,?,?,?)
]]></system-out>
  </testcase>
  <testcase name="taskRepository_FindAllByUserId_returnAllTaskOrderByAsc" classname="com.example.TaskManager.Repository.TaskRepositoryTest" time="0.052">
    <system-out><![CDATA[Hibernate: select t1_0.task_id,t1_0.date,t1_0.description,t1_0.finished,t1_0.important,t1_0.title,t1_0.user_id from task t1_0
Hibernate: select u1_0.user_id,u1_0.firstname,u1_0.lastname,u1_0.password,u1_0.role,u1_0.username from db_user u1_0
Hibernate: select u1_0.user_id,u1_0.firstname,u1_0.lastname,u1_0.password,u1_0.role,u1_0.username,t1_0.user_id,t1_0.task_id,t1_0.date,t1_0.description,t1_0.finished,t1_0.important,t1_0.title from db_user u1_0 left join task t1_0 on u1_0.user_id=t1_0.user_id where u1_0.user_id=?
Hibernate: insert into db_user (firstname,lastname,password,role,username) values (?,?,?,?,?)
Hibernate: insert into task (date,description,finished,important,title,user_id) values (?,?,?,?,?,?)
Hibernate: insert into task (date,description,finished,important,title,user_id) values (?,?,?,?,?,?)
Hibernate: insert into task (date,description,finished,important,title,user_id) values (?,?,?,?,?,?)
Hibernate: select t1_0.task_id,t1_0.date,t1_0.description,t1_0.finished,t1_0.important,t1_0.title,t1_0.user_id from task t1_0 left join db_user u1_0 on u1_0.user_id=t1_0.user_id where u1_0.user_id=? order by t1_0.date
]]></system-out>
  </testcase>
  <testcase name="taskRepository_FindAllByUserId_returnTaskOnlyFromTheLinkedUser" classname="com.example.TaskManager.Repository.TaskRepositoryTest" time="0.024">
    <system-out><![CDATA[Hibernate: select t1_0.task_id,t1_0.date,t1_0.description,t1_0.finished,t1_0.important,t1_0.title,t1_0.user_id from task t1_0
Hibernate: select u1_0.user_id,u1_0.firstname,u1_0.lastname,u1_0.password,u1_0.role,u1_0.username from db_user u1_0
Hibernate: select u1_0.user_id,u1_0.firstname,u1_0.lastname,u1_0.password,u1_0.role,u1_0.username,t1_0.user_id,t1_0.task_id,t1_0.date,t1_0.description,t1_0.finished,t1_0.important,t1_0.title from db_user u1_0 left join task t1_0 on u1_0.user_id=t1_0.user_id where u1_0.user_id=?
Hibernate: insert into db_user (firstname,lastname,password,role,username) values (?,?,?,?,?)
Hibernate: insert into task (date,description,finished,important,title,user_id) values (?,?,?,?,?,?)
Hibernate: insert into task (date,description,finished,important,title,user_id) values (?,?,?,?,?,?)
Hibernate: update db_user set firstname=?,lastname=?,password=?,role=?,username=? where user_id=?
Hibernate: select t1_0.task_id,t1_0.date,t1_0.description,t1_0.finished,t1_0.important,t1_0.title,t1_0.user_id from task t1_0 left join db_user u1_0 on u1_0.user_id=t1_0.user_id where u1_0.user_id=? order by t1_0.date
[Task(id=6, title=Test, description=Test, finished=false, important=false, date=Sun Nov 10 00:00:00 ART 3907, user=User(id=2, username=test1@test.com, firstname=test, lastname=test, password=test, role=null, tasks=null)), Task(id=7, title=Test, description=Test, finished=false, important=false, date=Sun Nov 10 00:00:00 ART 3907, user=User(id=2, username=test2@test.com, firstname=test, lastname=test, password=test, role=null, tasks=null))]
]]></system-out>
  </testcase>
  <testcase name="taskRepository_updateTask_returnTask" classname="com.example.TaskManager.Repository.TaskRepositoryTest" time="0.018">
    <system-out><![CDATA[Hibernate: select t1_0.task_id,t1_0.date,t1_0.description,t1_0.finished,t1_0.important,t1_0.title,t1_0.user_id from task t1_0
Hibernate: select u1_0.user_id,u1_0.firstname,u1_0.lastname,u1_0.password,u1_0.role,u1_0.username from db_user u1_0
Hibernate: insert into task (date,description,finished,important,title,user_id) values (?,?,?,?,?,?)
Hibernate: update task set date=?,description=?,finished=?,important=?,title=? where task_id=?
Hibernate: select t1_0.task_id,t1_0.date,t1_0.description,t1_0.finished,t1_0.important,t1_0.title,t1_0.user_id from task t1_0
]]></system-out>
  </testcase>
  <testcase name="taskRepository_getAll_returnGreaterThanZero" classname="com.example.TaskManager.Repository.TaskRepositoryTest" time="0.008">
    <system-out><![CDATA[Hibernate: select t1_0.task_id,t1_0.date,t1_0.description,t1_0.finished,t1_0.important,t1_0.title,t1_0.user_id from task t1_0
Hibernate: select u1_0.user_id,u1_0.firstname,u1_0.lastname,u1_0.password,u1_0.role,u1_0.username from db_user u1_0
Hibernate: insert into task (date,description,finished,important,title,user_id) values (?,?,?,?,?,?)
Hibernate: insert into task (date,description,finished,important,title,user_id) values (?,?,?,?,?,?)
Hibernate: select t1_0.task_id,t1_0.date,t1_0.description,t1_0.finished,t1_0.important,t1_0.title,t1_0.user_id from task t1_0
]]></system-out>
  </testcase>
  <testcase name="TaskRepository_save_returnSavedTask" classname="com.example.TaskManager.Repository.TaskRepositoryTest" time="0.006">
    <system-out><![CDATA[Hibernate: select t1_0.task_id,t1_0.date,t1_0.description,t1_0.finished,t1_0.important,t1_0.title,t1_0.user_id from task t1_0
Hibernate: select u1_0.user_id,u1_0.firstname,u1_0.lastname,u1_0.password,u1_0.role,u1_0.username from db_user u1_0
Hibernate: insert into task (date,description,finished,important,title,user_id) values (?,?,?,?,?,?)
]]></system-out>
  </testcase>
</testsuite>